c:\users\b6027599\desktop\atm_project\x64\debug\vc141.pdb
c:\users\b6027599\desktop\atm_project\x64\debug\vc141.idb
c:\users\b6027599\desktop\atm_project\x64\debug\childaccount.obj
c:\users\b6027599\desktop\atm_project\x64\debug\currentaccount.obj
c:\users\b6027599\desktop\atm_project\x64\debug\isaaccount.obj
c:\users\b6027599\desktop\atm_project\x64\debug\savingsaccount.obj
c:\users\b6027599\desktop\atm_project\x64\debug\__task1c_main.obj
c:\users\b6027599\desktop\atm_project\x64\debug\bankaccount.obj
c:\users\b6027599\desktop\atm_project\x64\debug\card.obj
c:\users\b6027599\desktop\atm_project\x64\debug\atm.obj
c:\users\b6027599\desktop\atm_project\x64\debug\date.obj
c:\users\b6027599\desktop\atm_project\x64\debug\time.obj
c:\users\b6027599\desktop\atm_project\x64\debug\transaction.obj
c:\users\b6027599\desktop\atm_project\x64\debug\transactionlist.obj
c:\users\b6027599\desktop\atm_project\x64\debug\userinterface.obj
c:\users\b6027599\desktop\atm_project\x64\debug\oop project.exe
c:\users\b6027599\desktop\atm_project\x64\debug\oop project.ilk
c:\users\b6027599\desktop\atm_project\x64\debug\oop project.pdb
c:\users\b6027599\desktop\atm_project\x64\debug\oop project.tlog\cl.command.1.tlog
c:\users\b6027599\desktop\atm_project\x64\debug\oop project.tlog\cl.read.1.tlog
c:\users\b6027599\desktop\atm_project\x64\debug\oop project.tlog\cl.write.1.tlog
c:\users\b6027599\desktop\atm_project\x64\debug\oop project.tlog\link.command.1.tlog
c:\users\b6027599\desktop\atm_project\x64\debug\oop project.tlog\link.read.1.tlog
c:\users\b6027599\desktop\atm_project\x64\debug\oop project.tlog\link.write.1.tlog
